<?xml version="1.0" encoding="utf-8"?><testsuites><testsuite name="pytest" errors="0" failures="0" skipped="0" tests="11" time="2.590" timestamp="2024-10-16T12:02:45.313562-05:00" hostname="MSI"><testcase classname="test.controllers.agent_controller_test.AgentControllerTest" name="test_create_agent_success" time="0.183" /><testcase classname="test.controllers.auth_controller_test.AuthControllerTest" name="test_login_agent_error" time="0.005" /><testcase classname="test.controllers.auth_controller_test.AuthControllerTest" name="test_login_agent_success" time="0.164" /><testcase classname="test.controllers.auth_controller_test.AuthControllerTest" name="test_login_client_error" time="0.006" /><testcase classname="test.controllers.auth_controller_test.AuthControllerTest" name="test_login_client_success" time="0.172" /><testcase classname="test.controllers.auth_controller_test.AuthControllerTest" name="test_login_consumer_error" time="0.006" /><testcase classname="test.controllers.auth_controller_test.AuthControllerTest" name="test_login_consumer_success" time="0.172" /><testcase classname="test.controllers.auth_controller_test.AuthControllerTest" name="test_login_without_fields_error" time="0.021" /><testcase classname="test.controllers.client_controller_test.ClientControllerTest" name="test_create_client_success" time="0.088" /><testcase classname="test.controllers.consumer_controller_test.ConsumerControllerTest" name="test_create_consumer_success" time="0.087" /><testcase classname="test.controllers.health_controller_test.HealthControllerTests" name="test_health" time="0.001" /></testsuite></testsuites>