<?xml version="1.0" encoding="utf-8"?><testsuites><testsuite name="pytest" errors="0" failures="0" skipped="0" tests="14" time="3.128" timestamp="2024-10-17T18:53:52.285982-05:00" hostname="MSI"><testcase classname="test.controllers.agent_controller_test.AgentControllerTest" name="test_create_agent_invalid_email_error" time="0.248" /><testcase classname="test.controllers.agent_controller_test.AgentControllerTest" name="test_create_agent_success" time="0.083" /><testcase classname="test.controllers.auth_controller_test.AuthControllerTest" name="test_login_agent_error" time="0.004" /><testcase classname="test.controllers.auth_controller_test.AuthControllerTest" name="test_login_agent_success" time="0.159" /><testcase classname="test.controllers.auth_controller_test.AuthControllerTest" name="test_login_client_error" time="0.005" /><testcase classname="test.controllers.auth_controller_test.AuthControllerTest" name="test_login_client_success" time="0.168" /><testcase classname="test.controllers.auth_controller_test.AuthControllerTest" name="test_login_consumer_error" time="0.006" /><testcase classname="test.controllers.auth_controller_test.AuthControllerTest" name="test_login_consumer_success" time="0.186" /><testcase classname="test.controllers.auth_controller_test.AuthControllerTest" name="test_login_without_fields_error" time="0.003" /><testcase classname="test.controllers.client_controller_test.ClientControllerTest" name="test_create_client_invalid_email_error" time="0.169" /><testcase classname="test.controllers.client_controller_test.ClientControllerTest" name="test_create_client_success" time="0.088" /><testcase classname="test.controllers.consumer_controller_test.ConsumerControllerTest" name="test_create_consumer_invalid_email" time="0.172" /><testcase classname="test.controllers.consumer_controller_test.ConsumerControllerTest" name="test_create_consumer_success" time="0.093" /><testcase classname="test.controllers.health_controller_test.HealthControllerTests" name="test_health" time="0.001" /></testsuite></testsuites>